<?xml version="1.0" encoding="UTF-8"?>
<!-- Generated by org.testng.reporters.JUnitReportReporter -->
<testsuite skipped="0" hostname="notebook" name="com.imdb.demo.HomePageTest" tests="3" failures="0" timestamp="5 Nov 2016 16:58:34 GMT" time="0.899" errors="0">
  <testcase name="clickTopChartMenu" time="0.143" classname="com.imdb.demo.HomePageTest"/>
  <testcase name="isHomePageLoaded" time="0.119" classname="com.imdb.demo.HomePageTest"/>
  <testcase name="shouldDisplayMenuOnHover" time="0.637" classname="com.imdb.demo.HomePageTest"/>
</testsuite> <!-- com.imdb.demo.HomePageTest -->
