<?xml version="1.0" encoding="UTF-8"?>
<!-- Generated by org.testng.reporters.JUnitReportReporter -->
<testsuite skipped="0" hostname="notebook" name="com.imdb.demo.ResultsByGenreTest" tests="10" failures="0" timestamp="6 Nov 2016 12:34:28 GMT" time="19.157" errors="0">
  <testcase name="sortByUSBoxOffice" time="1.880" classname="com.imdb.demo.ResultsByGenreTest"/>
  <testcase name="sortByReleaseDate" time="2.162" classname="com.imdb.demo.ResultsByGenreTest"/>
  <testcase name="sortByNumberOfVotes" time="2.061" classname="com.imdb.demo.ResultsByGenreTest"/>
  <testcase name="sortByPopularity" time="2.049" classname="com.imdb.demo.ResultsByGenreTest"/>
  <testcase name="areInitialResultsLoaded" time="0.063" classname="com.imdb.demo.ResultsByGenreTest"/>
  <testcase name="sortByAlphabetical" time="2.285" classname="com.imdb.demo.ResultsByGenreTest"/>
  <testcase name="sortByRuntime" time="2.141" classname="com.imdb.demo.ResultsByGenreTest"/>
  <testcase name="sortByIMDBRating" time="2.046" classname="com.imdb.demo.ResultsByGenreTest"/>
  <testcase name="sortByYear" time="2.175" classname="com.imdb.demo.ResultsByGenreTest"/>
  <testcase name="isResultsByGenrePageLoaded" time="2.295" classname="com.imdb.demo.ResultsByGenreTest"/>
</testsuite> <!-- com.imdb.demo.ResultsByGenreTest -->
