<?xml version="1.0" encoding="UTF-8"?>
<!-- Generated by org.testng.reporters.JUnitReportReporter -->
<testsuite skipped="0" hostname="notebook" name="com.imdb.demo.TopChartsPageTest" tests="8" failures="0" timestamp="6 Nov 2016 12:34:28 GMT" time="8.405" errors="0">
  <testcase name="selectByReleaseDate" time="1.002" classname="com.imdb.demo.TopChartsPageTest"/>
  <testcase name="areInitialResultsLoaded" time="0.149" classname="com.imdb.demo.TopChartsPageTest"/>
  <testcase name="clickOnGenre" time="0.220" classname="com.imdb.demo.TopChartsPageTest"/>
  <testcase name="isTopChartsPageLoaded" time="3.098" classname="com.imdb.demo.TopChartsPageTest"/>
  <testcase name="selectByNumberOfRatings" time="1.376" classname="com.imdb.demo.TopChartsPageTest"/>
  <testcase name="selectIMDBRating" time="0.336" classname="com.imdb.demo.TopChartsPageTest"/>
  <testcase name="selectByRanking" time="1.224" classname="com.imdb.demo.TopChartsPageTest"/>
  <testcase name="selectByYourRating" time="1.000" classname="com.imdb.demo.TopChartsPageTest"/>
</testsuite> <!-- com.imdb.demo.TopChartsPageTest -->
