<?xml version="1.0" encoding="UTF-8"?>
<!-- Generated by org.testng.reporters.JUnitReportReporter -->
<testsuite skipped="0" hostname="notebook" name="com.imdb.demo.ResultsByGenreTest" tests="10" failures="0" timestamp="6 Nov 2016 18:12:15 GMT" time="26.413" errors="0">
  <testcase name="sortByYear" time="3.224" classname="com.imdb.demo.ResultsByGenreTest"/>
  <testcase name="sortByUSBoxOffice" time="2.612" classname="com.imdb.demo.ResultsByGenreTest"/>
  <testcase name="isResultsByGenrePageLoaded" time="2.626" classname="com.imdb.demo.ResultsByGenreTest"/>
  <testcase name="sortByAlphabetical" time="3.261" classname="com.imdb.demo.ResultsByGenreTest"/>
  <testcase name="areInitialResultsLoaded" time="0.109" classname="com.imdb.demo.ResultsByGenreTest"/>
  <testcase name="sortByNumberOfVotes" time="2.638" classname="com.imdb.demo.ResultsByGenreTest"/>
  <testcase name="sortByPopularity" time="3.085" classname="com.imdb.demo.ResultsByGenreTest"/>
  <testcase name="sortByReleaseDate" time="2.974" classname="com.imdb.demo.ResultsByGenreTest"/>
  <testcase name="sortByIMDBRating" time="3.044" classname="com.imdb.demo.ResultsByGenreTest"/>
  <testcase name="sortByRuntime" time="2.840" classname="com.imdb.demo.ResultsByGenreTest"/>
</testsuite> <!-- com.imdb.demo.ResultsByGenreTest -->
