<?xml version="1.0" encoding="UTF-8"?>
<!-- Generated by org.testng.reporters.JUnitReportReporter -->
<testsuite skipped="0" hostname="notebook" name="com.imdb.demo.ResultsByGenreTest" tests="1" failures="0" timestamp="5 Nov 2016 18:59:17 GMT" time="3.008" errors="0">
  <testcase name="isResultsByGenrePageLoaded" time="3.008" classname="com.imdb.demo.ResultsByGenreTest"/>
</testsuite> <!-- com.imdb.demo.ResultsByGenreTest -->
