<?xml version="1.0" encoding="UTF-8"?>
<!-- Generated by org.testng.reporters.JUnitReportReporter -->
<testsuite skipped="0" hostname="notebook" name="com.imdb.demo.HomePageTest" tests="3" failures="0" timestamp="6 Nov 2016 18:12:15 GMT" time="1.079" errors="0">
  <testcase name="shouldDisplayMenuOnHover" time="0.691" classname="com.imdb.demo.HomePageTest"/>
  <testcase name="clickTopChartMenu" time="0.229" classname="com.imdb.demo.HomePageTest"/>
  <testcase name="isHomePageLoaded" time="0.159" classname="com.imdb.demo.HomePageTest"/>
</testsuite> <!-- com.imdb.demo.HomePageTest -->
