<?xml version="1.0" encoding="UTF-8"?>
<!-- Generated by org.testng.reporters.JUnitReportReporter -->
<testsuite skipped="0" hostname="notebook" name="com.imdb.demo.HomePageTest" tests="3" failures="0" timestamp="5 Nov 2016 18:59:17 GMT" time="1.018" errors="0">
  <testcase name="shouldDisplayMenuOnHover" time="0.671" classname="com.imdb.demo.HomePageTest"/>
  <testcase name="isHomePageLoaded" time="0.164" classname="com.imdb.demo.HomePageTest"/>
  <testcase name="clickTopChartMenu" time="0.183" classname="com.imdb.demo.HomePageTest"/>
</testsuite> <!-- com.imdb.demo.HomePageTest -->
