<?xml version="1.0" encoding="UTF-8"?>
<!-- Generated by org.testng.reporters.JUnitReportReporter -->
<testsuite skipped="0" hostname="notebook" name="com.imdb.demo.HomePageTest" tests="3" failures="0" timestamp="6 Nov 2016 12:34:28 GMT" time="0.909" errors="0">
  <testcase name="shouldDisplayMenuOnHover" time="0.648" classname="com.imdb.demo.HomePageTest"/>
  <testcase name="clickTopChartMenu" time="0.151" classname="com.imdb.demo.HomePageTest"/>
  <testcase name="isHomePageLoaded" time="0.110" classname="com.imdb.demo.HomePageTest"/>
</testsuite> <!-- com.imdb.demo.HomePageTest -->
